\BOOKMARK [0][-]{section*.4}{\376\377\000\332\000v\000o\000d}{}% 1
\BOOKMARK [0][-]{chapter.5}{\376\377\000T\000e\000o\000r\000e\000t\000i\000c\000k\000\341\000\040\001\015\000\341\000s\000t\000\040\000s\000t\000u\000d\000e\000n\000t\000s\000k\000\351\000\040\000p\000r\000\341\000c\000e}{}% 2
\BOOKMARK [1][-]{section.6}{\376\377\000V\000i\000r\000t\000u\000\341\000l\000n\000\355\000\040\000r\000e\000a\000l\000i\000t\000a}{chapter.5}% 3
\BOOKMARK [2][-]{subsection.7}{\376\377\000S\000t\000e\000r\000e\000o\000s\000k\000o\000p\000i\000e}{section.6}% 4
\BOOKMARK [2][-]{subsection.12}{\376\377\000H\000e\000a\000d\000s\000e\000t\000y\000\040\000V\000i\000r\000t\000u\000\341\000l\000n\000\355\000\040\000r\000e\000a\000l\000i\000t\000y}{section.6}% 5
\BOOKMARK [1][-]{section.19}{\376\377\000M\000o\001\176\000n\000o\000s\000t\000i\000\040\000p\000r\000o\000g\000r\000a\000m\000o\000v\000\341\000n\000\355\000\040\000z\000a\001\131\000\355\000z\000e\000n\000\355\000\040\000p\000r\000o\000\040\000V\000R}{chapter.5}% 6
\BOOKMARK [0][-]{chapter.20}{\376\377\000V\000\375\000b\001\033\000r\000\040\000d\000a\000t\000o\000v\000\351\000h\000o\000\040\000f\000o\000r\000m\000\341\000t\000u\000\040\000a\000\040\000I\000m\000p\000l\000e\000m\000e\000n\000t\000a\000c\000e\000\040\000p\000r\000o\000g\000r\000a\000m\000u}{}% 7
\BOOKMARK [1][-]{section.21}{\376\377\000D\000a\000t\000o\000v\000\375\000\040\000f\000o\000r\000m\000\341\000t}{chapter.20}% 8
\BOOKMARK [2][-]{subsection.22}{\376\377\000T\000e\000x\000t\000o\000v\000\375\000\040\000f\000o\000r\000m\000\341\000t}{section.21}% 9
\BOOKMARK [2][-]{subsection.23}{\376\377\000S\000t\000e\000r\000e\000o\000\040\000L\000i\000t\000h\000o\000g\000r\000a\000p\000h\000y\000\040\000S\000T\000L}{section.21}% 10
\BOOKMARK [2][-]{subsection.24}{\376\377\000W\000a\000v\000e\000f\000r\000o\000n\000t\000\040\000O\000B\000J}{section.21}% 11
\BOOKMARK [2][-]{subsection.25}{\376\377\000P\000o\000l\000y\000g\000o\000n\000\040\000f\000i\000l\000e\000\040\000f\000o\000r\000m\000a\000t\000\040\000P\000L\000Y}{section.21}% 12
\BOOKMARK [2][-]{subsection.26}{\376\377\000P\000o\000i\000n\000t\000\040\000C\000l\000o\000u\000d\000\040\000D\000a\000t\000a}{section.21}% 13
\BOOKMARK [2][-]{subsection.27}{\376\377\000F\000i\000n\000\341\000l\000n\000\355\000\040\000v\000\375\000b\001\033\000r}{section.21}% 14
\BOOKMARK [1][-]{section.28}{\376\377\000E\000n\000g\000i\000n\000e}{chapter.20}% 15
\BOOKMARK [2][-]{subsection.29}{\376\377\000P\000o\001\176\000a\000d\000a\000v\000k\000y\000\040\000v\000i\000r\000t\000u\000\341\000l\000n\000\355\000\040\000r\000e\000a\000l\000i\000t\000y}{section.28}% 16
\BOOKMARK [2][-]{subsection.30}{\376\377\000V\000y\000k\000r\000e\000s\000l\000o\000v\000\341\000n\000\355\000\040\000b\000o\000d\001\157}{section.28}% 17
\BOOKMARK [2][-]{subsection.31}{\376\377\000O\000m\000e\000z\000e\000n\000\355\000\040\000p\000r\000o\000c\000e\000s\000o\000r\000o\000v\000\351\000\040\000z\000\341\000t\001\033\001\176\000e}{section.28}% 18
\BOOKMARK [2][-]{subsection.32}{\376\377\000P\000o\000d\000p\000o\000r\000o\000v\000a\000n\000\375\000\040\000f\000o\000r\000m\000\341\000t}{section.28}% 19
\BOOKMARK [2][-]{subsection.33}{\376\377\000S\000e\000g\000m\000e\000n\000t\000a\000c\000e\000\040\000m\000r\000a\001\015\000n\000a}{section.28}% 20
\BOOKMARK [2][-]{subsection.34}{\376\377\000G\000r\000a\000f\000i\000c\000k\000\351\000\040\000r\000o\000z\000h\000r\000a\000n\000\355}{section.28}% 21
\BOOKMARK [2][-]{subsection.35}{\376\377\000Z\000o\000b\000r\000a\000z\000e\000n\000\355\000\040\000m\000r\000a\001\015\000n\000a}{section.28}% 22
\BOOKMARK [1][-]{section.41}{\376\377\000O\000v\000l\000\341\000d\000\341\000n\000\355\000\040\000p\000r\000o\000g\000r\000a\000m\000u}{chapter.20}% 23
\BOOKMARK [0][-]{chapter.44}{\376\377\000Z\000\341\000v\001\033\000r}{}% 24
\BOOKMARK [0][-]{section*.46}{\376\377\000L\000i\000t\000e\000r\000a\000t\000u\000r\000a}{}% 25
