This is pdfTeX, Version 3.14159265-2.6-1.40.17 (TeX Live 2016/Debian) (preloaded format=pdflatex 2017.1.3)  3 JAN 2017 17:14
entering extended mode
 restricted \write18 enabled.
 %&-line parsing enabled.
**literatura.tex
(./literatura.tex
LaTeX2e <2016/03/31> patch level 3
Babel <3.9r> and hyphenation patterns for 7 language(s) loaded.
\bibdata{dokumentace}
No file literatura.bbl.
)
! Emergency stop.
<*> literatura.tex
                  
*** (job aborted, no legal \end found)

 
Here is how much of TeX's memory you used:
 6 strings out of 494870
 150 string characters out of 6178721
 46021 words of memory out of 5000000
 3411 multiletter control sequences out of 15000+600000
 3640 words of font info for 14 fonts, out of 8000000 for 9000
 46 hyphenation exceptions out of 8191
 5i,0n,3p,47b,8s stack positions out of 5000i,500n,10000p,200000b,80000s
!  ==> Fatal error occurred, no output PDF file produced!
